<?xml version="1.0" encoding="UTF-8"?>
<testsuite xmlns:xsi="http://www.w3.org/2001/XMLSchema-instance" xsi:noNamespaceSchemaLocation="https://maven.apache.org/surefire/maven-surefire-plugin/xsd/surefire-test-report-3.0.xsd" version="3.0" name="CreditAccountTests" time="0.083" tests="8" errors="0" skipped="0" failures="0">
  <properties>
    <property name="java.specification.version" value="16"/>
    <property name="sun.cpu.isalist" value="amd64"/>
    <property name="sun.jnu.encoding" value="Cp1251"/>
    <property name="java.class.path" value="C:\Users\Андрей\IdeaProjects\BankAccount\target\test-classes;C:\Users\Андрей\IdeaProjects\BankAccount\target\classes;C:\Users\Андрей\.m2\repository\org\junit\jupiter\junit-jupiter-api\5.8.2\junit-jupiter-api-5.8.2.jar;C:\Users\Андрей\.m2\repository\org\opentest4j\opentest4j\1.2.0\opentest4j-1.2.0.jar;C:\Users\Андрей\.m2\repository\org\junit\platform\junit-platform-commons\1.8.2\junit-platform-commons-1.8.2.jar;C:\Users\Андрей\.m2\repository\org\apiguardian\apiguardian-api\1.1.2\apiguardian-api-1.1.2.jar;C:\Users\Андрей\.m2\repository\org\hamcrest\hamcrest-all\1.3\hamcrest-all-1.3.jar;"/>
    <property name="java.vm.vendor" value="Oracle Corporation"/>
    <property name="sun.arch.data.model" value="64"/>
    <property name="user.variant" value=""/>
    <property name="java.vendor.url" value="https://java.oracle.com/"/>
    <property name="user.timezone" value="Europe/Samara"/>
    <property name="os.name" value="Windows 7"/>
    <property name="java.vm.specification.version" value="16"/>
    <property name="sun.java.launcher" value="SUN_STANDARD"/>
    <property name="user.country" value="RU"/>
    <property name="sun.boot.library.path" value="C:\Program Files\Java\jdk-16.0.2\bin"/>
    <property name="sun.java.command" value="C:\Users\Андрей\AppData\Local\Temp\surefire12430569985989068424\surefirebooter7747291096596364555.jar C:\Users\Андрей\AppData\Local\Temp\surefire12430569985989068424 2021-12-21T19-24-07_776-jvmRun1 surefire7063830801979389263tmp surefire_06982127424089567230tmp"/>
    <property name="jdk.debug" value="release"/>
    <property name="surefire.test.class.path" value="C:\Users\Андрей\IdeaProjects\BankAccount\target\test-classes;C:\Users\Андрей\IdeaProjects\BankAccount\target\classes;C:\Users\Андрей\.m2\repository\org\junit\jupiter\junit-jupiter-api\5.8.2\junit-jupiter-api-5.8.2.jar;C:\Users\Андрей\.m2\repository\org\opentest4j\opentest4j\1.2.0\opentest4j-1.2.0.jar;C:\Users\Андрей\.m2\repository\org\junit\platform\junit-platform-commons\1.8.2\junit-platform-commons-1.8.2.jar;C:\Users\Андрей\.m2\repository\org\apiguardian\apiguardian-api\1.1.2\apiguardian-api-1.1.2.jar;C:\Users\Андрей\.m2\repository\org\hamcrest\hamcrest-all\1.3\hamcrest-all-1.3.jar;"/>
    <property name="sun.cpu.endian" value="little"/>
    <property name="user.home" value="C:\Users\Андрей"/>
    <property name="user.language" value="ru"/>
    <property name="java.specification.vendor" value="Oracle Corporation"/>
    <property name="java.version.date" value="2021-07-20"/>
    <property name="java.home" value="C:\Program Files\Java\jdk-16.0.2"/>
    <property name="file.separator" value="\"/>
    <property name="basedir" value="C:\Users\Андрей\IdeaProjects\BankAccount"/>
    <property name="java.vm.compressedOopsMode" value="32-bit"/>
    <property name="line.separator" value="&#10;"/>
    <property name="java.vm.specification.vendor" value="Oracle Corporation"/>
    <property name="java.specification.name" value="Java Platform API Specification"/>
    <property name="surefire.real.class.path" value="C:\Users\Андрей\AppData\Local\Temp\surefire12430569985989068424\surefirebooter7747291096596364555.jar"/>
    <property name="user.script" value=""/>
    <property name="sun.management.compiler" value="HotSpot 64-Bit Tiered Compilers"/>
    <property name="java.runtime.version" value="16.0.2+7-67"/>
    <property name="user.name" value="Андрей"/>
    <property name="path.separator" value=";"/>
    <property name="os.version" value="6.1"/>
    <property name="java.runtime.name" value="Java(TM) SE Runtime Environment"/>
    <property name="file.encoding" value="Cp1251"/>
    <property name="java.vm.name" value="Java HotSpot(TM) 64-Bit Server VM"/>
    <property name="localRepository" value="C:\Users\Андрей\.m2\repository"/>
    <property name="java.vendor.url.bug" value="https://bugreport.java.com/bugreport/"/>
    <property name="java.io.tmpdir" value="C:\Users\A4F7~1\AppData\Local\Temp\"/>
    <property name="idea.version" value="2021.2.1"/>
    <property name="java.version" value="16.0.2"/>
    <property name="user.dir" value="C:\Users\Андрей\IdeaProjects\BankAccount"/>
    <property name="os.arch" value="amd64"/>
    <property name="java.vm.specification.name" value="Java Virtual Machine Specification"/>
    <property name="sun.os.patch.level" value="Service Pack 1"/>
    <property name="java.library.path" value="C:\Program Files\Java\jdk-16.0.2\bin;C:\Windows\Sun\Java\bin;C:\Windows\system32;C:\Windows;C:\Program Files\Common Files\Oracle\Java\javapath;C:\Windows\system32;C:\Windows;C:\Windows\System32\Wbem;C:\Windows\System32\WindowsPowerShell\v1.0\;C:\Program Files (x86)\NVIDIA Corporation\PhysX\Common;C:\Program Files\Java\jdk-16.0.2\bin;C:\Program Files\Git\cmd;."/>
    <property name="java.vm.info" value="mixed mode, sharing"/>
    <property name="java.vendor" value="Oracle Corporation"/>
    <property name="java.vm.version" value="16.0.2+7-67"/>
    <property name="sun.io.unicode.encoding" value="UnicodeLittle"/>
    <property name="java.class.version" value="60.0"/>
  </properties>
  <testcase name="testPay" classname="CreditAccountTests" time="0.025">
    <system-out><![CDATA[Tests started!
Test started!
Оплачена покупка на 20000. Новое значение баланса после пополнения: -20000.
Test completed!
]]></system-out>
  </testcase>
  <testcase name="testAddMoney" classname="CreditAccountTests" time="0.004">
    <system-out><![CDATA[Test started!
Введна слишком большая сумма пополнения! Необходимо ввести сумму, не превышающую 0!
Test completed!
]]></system-out>
  </testcase>
  <testcase name="testSUTClassIsAccountType" classname="CreditAccountTests" time="0.005">
    <system-out><![CDATA[Test started!
Test completed!
]]></system-out>
  </testcase>
  <testcase name="whenNotNull_thenCorrect" classname="CreditAccountTests" time="0.002">
    <system-out><![CDATA[Test started!
Test completed!
]]></system-out>
  </testcase>
  <testcase name="testAccountAmount" classname="CreditAccountTests" time="0.003">
    <system-out><![CDATA[Test started!
Test completed!
]]></system-out>
  </testcase>
  <testcase name="givenString_whenConditions_thenCorrect" classname="CreditAccountTests" time="0.002">
    <system-out><![CDATA[Test started!
Test completed!
]]></system-out>
  </testcase>
  <testcase name="testTransfer" classname="CreditAccountTests" time="0.008">
    <system-out><![CDATA[Test started!
Новое значение баланса пользователя Иван Иванов после пополнения: 10100.
Деньги в размере 100 успешно переведены пользователю Иван Иванов.
Новое значение баланса пользователя Сидр Сидоров после перевода: -100.
Новое значение баланса пользователя Иван Иванов после пополнения: 10200.
Деньги в размере 100 успешно переведены пользователю Иван Иванов.
Новое значение баланса пользователя Сидр Сидоров после перевода: -200.
Test completed!
]]></system-out>
  </testcase>
  <testcase name="testTransferThrowsNullPointerException" classname="CreditAccountTests" time="0.002">
    <system-out><![CDATA[Test started!
Test completed!
]]></system-out>
  </testcase>
</testsuite>